<?xml version="1.0" encoding="UTF-8"?>
<!DOCTYPE mapper PUBLIC "-//mybatis.org//DTD Mapper 3.0//EN" "http://mybatis.org/dtd/mybatis-3-mapper.dtd">
<mapper namespace="com.pino.insa.domain.TestVo">

	<insert id="insertTest" parameterType="com.pino.insa.domain.TestVo">
		<![CDATA[
			INSERT INTO TEST(ID. PASSWORD)
			VALUES(#{id}, #{password})
		]]>
	</insert>
	
</mapper>